[debug] > Exec(early(addDefaultCommands), None, None)
[debug] > Exec(addDefaultCommands, None, None)
[debug] > Exec(early(initialize), None, None)
[debug] > Exec(initialize, None, None)
[debug] > Exec(boot, None, None)
[debug] > Exec(writeSbtVersion, None, None)
[debug] > Exec(reload, None, None)
[debug] > Exec(sbtStashOnFailure, None, None)
[debug] > Exec(onFailure loadFailed, None, None)
[debug] > Exec(loadp, None, None)
[info] welcome to sbt 1.6.2 (Oracle Corporation Java 18)
[debug] Load.defaultLoad until apply took 612.9866ms
[debug]                 Load.loadUnit: plugins took 156.7741ms
[debug]                 Load.loadUnit: defsScala took 0.4666ms
[debug] [Loading] Scanning directory C:\Users\user\ProjeXt\scala_homework1\project\project
[debug]                   Load.loadUnit: mkEval took 9.8883ms
[debug] [Loading] Found non-root projects 
[debug] [Loading] Done in C:\Users\user\ProjeXt\scala_homework1\project\project, returning: ()
[debug] deducing auto plugins based on known facts Set(Atom(sbt.plugins.CorePlugin)) and clauses Clauses(Clause(Atom(sbt.plugins.JvmPlugin),Set(Atom(sbt.plugins.IvyPlugin)))
[debug] Clause(Atom(sbt.ScriptedPlugin),Set(Atom(sbt.plugins.JvmPlugin)))
[debug] Clause(Atom(sbt.plugins.SbtPlugin),Set(Atom(sbt.ScriptedPlugin)))
[debug] Clause(Atom(sbt.plugins.SemanticdbPlugin),Set(Atom(sbt.plugins.JvmPlugin)))
[debug] Clause(Atom(sbt.plugins.JUnitXmlReportPlugin),Set(Atom(sbt.plugins.JvmPlugin)))
[debug] Clause(Atom(sbt.plugins.MiniDependencyTreePlugin),Set(Atom(sbt.plugins.JvmPlugin)))
[debug] Clause(Atom(sbt.plugins.CorePlugin),Set(Atom(sbt.plugins.IvyPlugin)))
[debug] Clause(Atom(sbt.plugins.IvyPlugin),Set(Atom(sbt.plugins.JvmPlugin)))
[debug] Clause(Atom(sbt.plugins.JvmPlugin),Set(Atom(sbt.plugins.SemanticdbPlugin)))
[debug] Clause(Atom(sbt.plugins.JvmPlugin),Set(Atom(sbt.plugins.JUnitXmlReportPlugin)))
[debug] Clause(Atom(sbt.plugins.CorePlugin),Set(Atom(sbt.plugins.Giter8TemplatePlugin)))
[debug] Clause(Atom(sbt.plugins.JvmPlugin),Set(Atom(sbt.plugins.MiniDependencyTreePlugin))))
[debug]   :: deduced result: Matched(sbt.plugins.CorePlugin,sbt.plugins.Giter8TemplatePlugin,sbt.plugins.IvyPlugin,sbt.plugins.JvmPlugin,sbt.plugins.MiniDependencyTreePlugin,sbt.plugins.JUnitXmlReportPlugin,sbt.plugins.SemanticdbPlugin)
[debug] Plugins.deducer#function took 18.7857 ms
[info] loading settings for project scala_homework1-build-build from metals.sbt ...
[debug]                     Load.resolveProject(scala_homework1-build-build) took 50.666ms
[debug]                   Load.loadTransitive: finalizeProject(Project(id scala_homework1-build-build, base: C:\Users\user\ProjeXt\scala_homework1\project\project, plugins: List(<none>))) took 93.9573ms
[debug] [Loading] Done in C:\Users\user\ProjeXt\scala_homework1\project\project, returning: (scala_homework1-build-build)
[debug]                 Load.loadUnit: loadedProjectsRaw took 381.2016ms
[debug]                 Load.loadUnit: cleanEvalClasses took 9.332ms
[debug]               Load.loadUnit(file:/C:/Users/user/ProjeXt/scala_homework1/project/project/, ...) took 562.8924ms
[debug]             Load.apply: load took 702.4984ms
[debug]             Load.apply: resolveProjects took 6.6162ms
[debug]             Load.apply: finalTransforms took 90.3384ms
[debug]             Load.apply: config.delegates took 14.1128ms
[debug]             Load.apply: Def.make(settings)... took 683.2014ms
[debug]             Load.apply: structureIndex took 157.653ms
[debug]             Load.apply: mkStreams took 1.9348ms
[info] loading project definition from C:\Users\user\ProjeXt\scala_homework1\project\project
[debug] Running task... Cancel: Signal, check cycles: false, forcegc: true
[debug]           Load.loadUnit: plugins took 2759.2838ms
[debug]           Load.loadUnit: defsScala took 0.006ms
[debug] [Loading] Scanning directory C:\Users\user\ProjeXt\scala_homework1\project
[debug]             Load.loadUnit: mkEval took 0.4088ms
[debug] [Loading] Found non-root projects 
[debug] [Loading] Done in C:\Users\user\ProjeXt\scala_homework1\project, returning: ()
[debug] deducing auto plugins based on known facts Set(Atom(sbt.plugins.CorePlugin)) and clauses Clauses(Clause(Atom(sbt.plugins.JvmPlugin),Set(Atom(sbt.plugins.IvyPlugin)))
[debug] Clause(Atom(sbt.ScriptedPlugin),Set(Atom(sbt.plugins.JvmPlugin)))
[debug] Clause(Atom(sbt.plugins.SbtPlugin),Set(Atom(sbt.ScriptedPlugin)))
[debug] Clause(Atom(sbt.plugins.SemanticdbPlugin),Set(Atom(sbt.plugins.JvmPlugin)))
[debug] Clause(Atom(sbt.plugins.JUnitXmlReportPlugin),Set(Atom(sbt.plugins.JvmPlugin)))
[debug] Clause(Atom(sbt.plugins.MiniDependencyTreePlugin),Set(Atom(sbt.plugins.JvmPlugin)))
[debug] Clause(Atom(bloop.integrations.sbt.BloopPlugin),Set(Atom(sbt.plugins.JvmPlugin)))
[debug] Clause(Atom(sbt.plugins.CorePlugin),Set(Atom(sbt.plugins.IvyPlugin)))
[debug] Clause(Atom(sbt.plugins.IvyPlugin),Set(Atom(sbt.plugins.JvmPlugin)))
[debug] Clause(Atom(sbt.plugins.JvmPlugin),Set(Atom(sbt.plugins.SemanticdbPlugin)))
[debug] Clause(Atom(sbt.plugins.JvmPlugin),Set(Atom(sbt.plugins.JUnitXmlReportPlugin)))
[debug] Clause(Atom(sbt.plugins.CorePlugin),Set(Atom(sbt.plugins.Giter8TemplatePlugin)))
[debug] Clause(Atom(sbt.plugins.JvmPlugin),Set(Atom(sbt.plugins.MiniDependencyTreePlugin)))
[debug] Clause(Atom(sbt.plugins.JvmPlugin),Set(Atom(bloop.integrations.sbt.BloopPlugin))))
[debug]   :: deduced result: Matched(sbt.plugins.CorePlugin,sbt.plugins.Giter8TemplatePlugin,sbt.plugins.IvyPlugin,sbt.plugins.JvmPlugin,bloop.integrations.sbt.BloopPlugin,sbt.plugins.MiniDependencyTreePlugin,sbt.plugins.JUnitXmlReportPlugin,sbt.plugins.SemanticdbPlugin)
[debug] Plugins.deducer#function took 4.7186 ms
[info] loading settings for project scala_homework1-build from metals.sbt ...
[debug]               Load.resolveProject(scala_homework1-build) took 25.196ms
[debug]             Load.loadTransitive: finalizeProject(Project(id scala_homework1-build, base: C:\Users\user\ProjeXt\scala_homework1\project, plugins: List(<none>))) took 31.1075ms
[debug] [Loading] Done in C:\Users\user\ProjeXt\scala_homework1\project, returning: (scala_homework1-build)
[debug]           Load.loadUnit: loadedProjectsRaw took 72.4292ms
[debug]           Load.loadUnit: cleanEvalClasses took 3.8227ms
[debug]         Load.loadUnit(file:/C:/Users/user/ProjeXt/scala_homework1/project/, ...) took 2836.8495ms
[debug]       Load.apply: load took 2840.0321ms
[debug]       Load.apply: resolveProjects took 0.1838ms
[debug]       Load.apply: finalTransforms took 23.281ms
[debug]       Load.apply: config.delegates took 2.3872ms
[debug]       Load.apply: Def.make(settings)... took 105.0246ms
[debug]       Load.apply: structureIndex took 38.5156ms
[debug]       Load.apply: mkStreams took 0.0032ms
[info] loading project definition from C:\Users\user\ProjeXt\scala_homework1\project
[debug] Evaluating tasks: bloopInstall
[debug] Running task... Cancel: Signal, check cycles: false, forcegc: true
